[ 2017-04-01T00:01:12+08:00 ] 127.0.0.1 /index.php?s=/Admin/Article/update.html
INFO: [ app_begin ] --START--
INFO: Run Behavior\ReadHtmlCache [ RunTime:0.002000s ]
INFO: [ app_begin ] --END-- [ RunTime:0.002000s ]
SQL: SHOW COLUMNS FROM `onethink_menu` [ RunTime:0.006000s ]
SQL: SELECT * FROM `onethink_menu` WHERE ( `pid` = 0 ) AND ( `hide` = 0 ) ORDER BY sort asc  [ RunTime:0.000000s ]
SQL: SELECT `id` FROM `onethink_menu` WHERE ( url like '%Article/update%' ) LIMIT 1   [ RunTime:0.001000s ]
SQL: SHOW COLUMNS FROM `onethink_menu` [ RunTime:0.007001s ]
SQL: SELECT `id`,`pid`,`title` FROM `onethink_menu` WHERE ( id=7 ) LIMIT 1   [ RunTime:0.001000s ]
SQL: SELECT `id`,`pid`,`title` FROM `onethink_menu` WHERE ( id=3 ) LIMIT 1   [ RunTime:0.000000s ]
SQL: SELECT `id`,`pid`,`title` FROM `onethink_menu` WHERE ( id=2 ) LIMIT 1   [ RunTime:0.001000s ]
SQL: SELECT DISTINCT  `group` FROM `onethink_menu` WHERE ( pid = 2 )  [ RunTime:0.000000s ]
SQL: SELECT `id`,`url` FROM `onethink_menu` WHERE ( `pid` = 2 ) AND ( `hide` = 0 )  [ RunTime:0.000000s ]
SQL: SELECT `id`,`pid`,`title`,`url`,`tip` FROM `onethink_menu` WHERE ( `group` = '内容' ) AND ( `pid` = 2 ) AND ( `hide` = 0 ) ORDER BY sort asc  [ RunTime:0.000000s ]
SQL: SHOW COLUMNS FROM `onethink_document` [ RunTime:0.008000s ]
NOTIC: [2] in_array() expects parameter 2 to be array, string given E:\phpStudy\WWW\MY_CMF\Application\Admin\Model\DocumentModel.class.php 第 324 行.
SQL: INSERT INTO `onethink_document` (`title`,`name`,`description`,`type`,`display`,`level`,`cover_id`,`view`,`comment`,`create_time`,`link_id`,`id`,`pid`,`model_id`,`category_id`,`uid`,`root`,`attach`,`extend`,`update_time`,`status`,`position`) VALUES ('12','','',2,1,0,0,0,0,1490976072,0,0,0,2,9,1,0,0,0,1490976072,1,0) [ RunTime:0.001000s ]
SQL: SHOW COLUMNS FROM `onethink_document_article` [ RunTime:0.005000s ]
SQL: INSERT INTO `onethink_document_article` (`content`,`parse`,`bookmark`,`template`,`id`) VALUES ('123',0,0,'',12) [ RunTime:0.000000s ]
INFO: [ documentSaveComplete ] --START--
INFO: Run Attachment [ RunTime:0.002000s ]
INFO: [ documentSaveComplete ] --END-- [ RunTime:0.002000s ]
SQL: SHOW COLUMNS FROM `onethink_action` [ RunTime:0.006001s ]
SQL: SELECT * FROM `onethink_action` WHERE ( `name` = 'add_document' ) LIMIT 1   [ RunTime:0.000000s ]

[ 2017-04-01T10:51:37+08:00 ] ::1 /MY_CMF/index.php?s=/Admin/Public/login.html
INFO: [ app_begin ] --START--
INFO: Run Behavior\ReadHtmlCache [ RunTime:0.001000s ]
INFO: [ app_begin ] --END-- [ RunTime:0.002000s ]
SQL: SHOW COLUMNS FROM `onethink_ucenter_member` [ RunTime:0.033002s ]
SQL: SELECT * FROM `onethink_ucenter_member` WHERE ( `username` = 'admin' ) LIMIT 1   [ RunTime:0.000000s ]

[ 2017-04-01T10:51:45+08:00 ] ::1 /MY_CMF/index.php?s=/Admin/Public/login.html
INFO: [ app_begin ] --START--
INFO: Run Behavior\ReadHtmlCache [ RunTime:0.001000s ]
INFO: [ app_begin ] --END-- [ RunTime:0.001000s ]
SQL: SHOW COLUMNS FROM `onethink_ucenter_member` [ RunTime:0.008000s ]
SQL: SELECT * FROM `onethink_ucenter_member` WHERE ( `username` = 'admin' ) LIMIT 1   [ RunTime:0.000000s ]

[ 2017-04-01T11:51:43+08:00 ] ::1 /MY_CMF/index.php?s=/Admin/Public/login.html
INFO: [ app_begin ] --START--
INFO: Run Behavior\ReadHtmlCache [ RunTime:0.000000s ]
INFO: [ app_begin ] --END-- [ RunTime:0.001000s ]

[ 2017-04-01T11:51:49+08:00 ] ::1 /MY_CMF/index.php?s=/Admin/Public/login.html
INFO: [ app_begin ] --START--
INFO: Run Behavior\ReadHtmlCache [ RunTime:0.002000s ]
INFO: [ app_begin ] --END-- [ RunTime:0.002000s ]
SQL: SHOW COLUMNS FROM `onethink_ucenter_member` [ RunTime:0.008001s ]
SQL: SELECT * FROM `onethink_ucenter_member` WHERE ( `username` = 'admin' ) LIMIT 1   [ RunTime:0.001000s ]
SQL: UPDATE `onethink_ucenter_member` SET `last_login_time`=1491018709,`last_login_ip`=0 WHERE ( `id` = 1 ) [ RunTime:0.000000s ]
SQL: SHOW COLUMNS FROM `onethink_member` [ RunTime:0.008000s ]
SQL: SELECT `uid`,`nickname`,`sex`,`birthday`,`qq`,`score`,`login`,`reg_ip`,`reg_time`,`last_login_ip`,`last_login_time`,`status` FROM `onethink_member` WHERE ( `uid` = 1 ) LIMIT 1   [ RunTime:0.001000s ]
SQL: SHOW COLUMNS FROM `onethink_action` [ RunTime:0.008001s ]
SQL: SELECT * FROM `onethink_action` WHERE ( `name` = 'user_login' ) LIMIT 1   [ RunTime:0.000000s ]
SQL: SHOW COLUMNS FROM `onethink_member` [ RunTime:0.008000s ]
SQL: SELECT `nickname` FROM `onethink_member` WHERE ( `uid` = 1 ) LIMIT 1   [ RunTime:0.000000s ]
SQL: SHOW COLUMNS FROM `onethink_action_log` [ RunTime:0.008001s ]
SQL: INSERT INTO `onethink_action_log` (`action_id`,`user_id`,`action_ip`,`model`,`record_id`,`create_time`,`remark`) VALUES (1,1,0,'member',1,1491018709,'admin在2017-04-01 11:51登录了后台') [ RunTime:0.000000s ]
SQL: SELECT * FROM `onethink_action` WHERE ( `name` = 'user_login' ) LIMIT 1   [ RunTime:0.000000s ]
NOTIC: [8] Undefined offset: 1 D:\phpStudy\WWW\MY_CMF\Application\Common\Common\function.php 第 613 行.
NOTIC: [2] array_key_exists() expects parameter 2 to be array, null given D:\phpStudy\WWW\MY_CMF\Application\Common\Common\function.php 第 613 行.
SQL: SELECT COUNT(*) AS tp_count FROM `onethink_action_log` WHERE ( `action_id` = 1 ) AND ( `user_id` = 1 ) AND ( `create_time` > 1490932309 ) LIMIT 1   [ RunTime:0.000000s ]
SQL: UPDATE `onethink_member` SET `login`=`login`+1,`last_login_time`=1491018709,`last_login_ip`=0 WHERE ( `uid` = 1 ) [ RunTime:0.000000s ]

[ 2017-04-01T11:51:56+08:00 ] ::1 /MY_CMF/index.php?s=/Admin/Database/export.html
INFO: [ app_begin ] --START--
INFO: Run Behavior\ReadHtmlCache [ RunTime:0.001000s ]
INFO: [ app_begin ] --END-- [ RunTime:0.001000s ]
SQL: SHOW COLUMNS FROM `onethink_menu` [ RunTime:0.004000s ]
SQL: SELECT * FROM `onethink_menu` WHERE ( `pid` = 0 ) AND ( `hide` = 0 ) ORDER BY sort asc  [ RunTime:0.000000s ]
SQL: SELECT `id` FROM `onethink_menu` WHERE ( url like '%Database/export%' ) LIMIT 1   [ RunTime:0.000000s ]
SQL: SHOW COLUMNS FROM `onethink_menu` [ RunTime:0.004000s ]
SQL: SELECT `id`,`pid`,`title` FROM `onethink_menu` WHERE ( id=87 ) LIMIT 1   [ RunTime:0.000000s ]
SQL: SELECT `id`,`pid`,`title` FROM `onethink_menu` WHERE ( id=86 ) LIMIT 1   [ RunTime:0.000000s ]
SQL: SELECT `id`,`pid`,`title` FROM `onethink_menu` WHERE ( id=68 ) LIMIT 1   [ RunTime:0.001000s ]
SQL: SELECT DISTINCT  `group` FROM `onethink_menu` WHERE ( pid = 68 )  [ RunTime:0.000000s ]
SQL: SELECT `id`,`url` FROM `onethink_menu` WHERE ( `pid` = 68 ) AND ( `hide` = 0 )  [ RunTime:0.001000s ]
SQL: SELECT `id`,`pid`,`title`,`url`,`tip` FROM `onethink_menu` WHERE ( `group` = '系统设置' ) AND ( `pid` = 68 ) AND ( `hide` = 0 ) ORDER BY sort asc  [ RunTime:0.000000s ]
SQL: SELECT `id`,`pid`,`title`,`url`,`tip` FROM `onethink_menu` WHERE ( `group` = '' ) AND ( `pid` = 68 ) AND ( `hide` = 0 ) ORDER BY sort asc  [ RunTime:0.001000s ]
SQL: SELECT `id`,`pid`,`title`,`url`,`tip` FROM `onethink_menu` WHERE ( `group` = '数据备份' ) AND ( `pid` = 68 ) AND ( `hide` = 0 ) ORDER BY sort asc  [ RunTime:0.000000s ]

[ 2017-04-01T11:52:27+08:00 ] ::1 /MY_CMF/index.php?s=/Admin/Database/export.html&id=0&start=0
INFO: [ app_begin ] --START--
INFO: Run Behavior\ReadHtmlCache [ RunTime:0.000000s ]
INFO: [ app_begin ] --END-- [ RunTime:0.001000s ]
SQL: SHOW COLUMNS FROM `onethink_menu` [ RunTime:0.004000s ]
SQL: SELECT * FROM `onethink_menu` WHERE ( `pid` = 0 ) AND ( `hide` = 0 ) ORDER BY sort asc  [ RunTime:0.001000s ]
SQL: SELECT `id` FROM `onethink_menu` WHERE ( url like '%Database/export%' ) LIMIT 1   [ RunTime:0.000000s ]
SQL: SHOW COLUMNS FROM `onethink_menu` [ RunTime:0.003001s ]
SQL: SELECT `id`,`pid`,`title` FROM `onethink_menu` WHERE ( id=87 ) LIMIT 1   [ RunTime:0.000000s ]
SQL: SELECT `id`,`pid`,`title` FROM `onethink_menu` WHERE ( id=86 ) LIMIT 1   [ RunTime:0.001000s ]
SQL: SELECT `id`,`pid`,`title` FROM `onethink_menu` WHERE ( id=68 ) LIMIT 1   [ RunTime:0.000000s ]
SQL: SELECT DISTINCT  `group` FROM `onethink_menu` WHERE ( pid = 68 )  [ RunTime:0.000000s ]
SQL: SELECT `id`,`url` FROM `onethink_menu` WHERE ( `pid` = 68 ) AND ( `hide` = 0 )  [ RunTime:0.001000s ]
SQL: SELECT `id`,`pid`,`title`,`url`,`tip` FROM `onethink_menu` WHERE ( `group` = '系统设置' ) AND ( `pid` = 68 ) AND ( `hide` = 0 ) ORDER BY sort asc  [ RunTime:0.000000s ]
SQL: SELECT `id`,`pid`,`title`,`url`,`tip` FROM `onethink_menu` WHERE ( `group` = '' ) AND ( `pid` = 68 ) AND ( `hide` = 0 ) ORDER BY sort asc  [ RunTime:0.000000s ]
SQL: SELECT `id`,`pid`,`title`,`url`,`tip` FROM `onethink_menu` WHERE ( `group` = '数据备份' ) AND ( `pid` = 68 ) AND ( `hide` = 0 ) ORDER BY sort asc  [ RunTime:0.000000s ]
SQL: SHOW CREATE TABLE `onethink_action` [ RunTime:0.000000s ]
SQL: SELECT COUNT(*) AS count FROM `onethink_action` [ RunTime:0.001000s ]
SQL: SELECT * FROM `onethink_action` LIMIT 0, 1000 [ RunTime:0.000000s ]
NOTIC: [2] mysql_real_escape_string(): Access denied for user ''@'localhost' (using password: NO) D:\phpStudy\WWW\MY_CMF\ThinkPHP\Library\OT\Database.class.php 第 155 行.
NOTIC: [2] mysql_real_escape_string(): A link to the server could not be established D:\phpStudy\WWW\MY_CMF\ThinkPHP\Library\OT\Database.class.php 第 155 行.
NOTIC: [2] mysql_real_escape_string(): Access denied for user ''@'localhost' (using password: NO) D:\phpStudy\WWW\MY_CMF\ThinkPHP\Library\OT\Database.class.php 第 155 行.
NOTIC: [2] mysql_real_escape_string(): A link to the server could not be established D:\phpStudy\WWW\MY_CMF\ThinkPHP\Library\OT\Database.class.php 第 155 行.
NOTIC: [2] mysql_real_escape_string(): Access denied for user ''@'localhost' (using password: NO) D:\phpStudy\WWW\MY_CMF\ThinkPHP\Library\OT\Database.class.php 第 155 行.
NOTIC: [2] mysql_real_escape_string(): A link to the server could not be established D:\phpStudy\WWW\MY_CMF\ThinkPHP\Library\OT\Database.class.php 第 155 行.
NOTIC: [2] mysql_real_escape_string(): Access denied for user ''@'localhost' (using password: NO) D:\phpStudy\WWW\MY_CMF\ThinkPHP\Library\OT\Database.class.php 第 155 行.
NOTIC: [2] mysql_real_escape_string(): A link to the server could not be established D:\phpStudy\WWW\MY_CMF\ThinkPHP\Library\OT\Database.class.php 第 155 行.
NOTIC: [2] mysql_real_escape_string(): Access denied for user ''@'localhost' (using password: NO) D:\phpStudy\WWW\MY_CMF\ThinkPHP\Library\OT\Database.class.php 第 155 行.
NOTIC: [2] mysql_real_escape_string(): A link to the server could not be established D:\phpStudy\WWW\MY_CMF\ThinkPHP\Library\OT\Database.class.php 第 155 行.
NOTIC: [2] mysql_real_escape_string(): Access denied for user ''@'localhost' (using password: NO) D:\phpStudy\WWW\MY_CMF\ThinkPHP\Library\OT\Database.class.php 第 155 行.
NOTIC: [2] mysql_real_escape_string(): A link to the server could not be established D:\phpStudy\WWW\MY_CMF\ThinkPHP\Library\OT\Database.class.php 第 155 行.
NOTIC: [2] mysql_real_escape_string(): Access denied for user ''@'localhost' (using password: NO) D:\phpStudy\WWW\MY_CMF\ThinkPHP\Library\OT\Database.class.php 第 155 行.
NOTIC: [2] mysql_real_escape_string(): A link to the server could not be established D:\phpStudy\WWW\MY_CMF\ThinkPHP\Library\OT\Database.class.php 第 155 行.
NOTIC: [2] mysql_real_escape_string(): Access denied for user ''@'localhost' (using password: NO) D:\phpStudy\WWW\MY_CMF\ThinkPHP\Library\OT\Database.class.php 第 155 行.
NOTIC: [2] mysql_real_escape_string(): A link to the server could not be established D:\phpStudy\WWW\MY_CMF\ThinkPHP\Library\OT\Database.class.php 第 155 行.
NOTIC: [2] mysql_real_escape_string(): Access denied for user ''@'localhost' (using password: NO) D:\phpStudy\WWW\MY_CMF\ThinkPHP\Library\OT\Database.class.php 第 155 行.
NOTIC: [2] mysql_real_escape_string(): A link to the server could not be established D:\phpStudy\WWW\MY_CMF\ThinkPHP\Library\OT\Database.class.php 第 155 行.
NOTIC: [2] mysql_real_escape_string(): Access denied for user ''@'localhost' (using password: NO) D:\phpStudy\WWW\MY_CMF\ThinkPHP\Library\OT\Database.class.php 第 155 行.
NOTIC: [2] mysql_real_escape_string(): A link to the server could not be established D:\phpStudy\WWW\MY_CMF\ThinkPHP\Library\OT\Database.class.php 第 155 行.
NOTIC: [2] mysql_real_escape_string(): Access denied for user ''@'localhost' (using password: NO) D:\phpStudy\WWW\MY_CMF\ThinkPHP\Library\OT\Database.class.php 第 155 行.
NOTIC: [2] mysql_real_escape_string(): A link to the server could not be established D:\phpStudy\WWW\MY_CMF\ThinkPHP\Library\OT\Database.class.php 第 155 行.
NOTIC: [2] mysql_real_escape_string(): Access denied for user ''@'localhost' (using password: NO) D:\phpStudy\WWW\MY_CMF\ThinkPHP\Library\OT\Database.class.php 第 155 行.
NOTIC: [2] mysql_real_escape_string(): A link to the server could not be established D:\phpStudy\WWW\MY_CMF\ThinkPHP\Library\OT\Database.class.php 第 155 行.
NOTIC: [2] mysql_real_escape_string(): Access denied for user ''@'localhost' (using password: NO) D:\phpStudy\WWW\MY_CMF\ThinkPHP\Library\OT\Database.class.php 第 155 行.
NOTIC: [2] mysql_real_escape_string(): A link to the server could not be established D:\phpStudy\WWW\MY_CMF\ThinkPHP\Library\OT\Database.class.php 第 155 行.
NOTIC: [2] mysql_real_escape_string(): Access denied for user ''@'localhost' (using password: NO) D:\phpStudy\WWW\MY_CMF\ThinkPHP\Library\OT\Database.class.php 第 155 行.
NOTIC: [2] mysql_real_escape_string(): A link to the server could not be established D:\phpStudy\WWW\MY_CMF\ThinkPHP\Library\OT\Database.class.php 第 155 行.
NOTIC: [2] mysql_real_escape_string(): Access denied for user ''@'localhost' (using password: NO) D:\phpStudy\WWW\MY_CMF\ThinkPHP\Library\OT\Database.class.php 第 155 行.
NOTIC: [2] mysql_real_escape_string(): A link to the server could not be established D:\phpStudy\WWW\MY_CMF\ThinkPHP\Library\OT\Database.class.php 第 155 行.
NOTIC: [2] mysql_real_escape_string(): Access denied for user ''@'localhost' (using password: NO) D:\phpStudy\WWW\MY_CMF\ThinkPHP\Library\OT\Database.class.php 第 155 行.
NOTIC: [2] mysql_real_escape_string(): A link to the server could not be established D:\phpStudy\WWW\MY_CMF\ThinkPHP\Library\OT\Database.class.php 第 155 行.
NOTIC: [2] mysql_real_escape_string(): Access denied for user ''@'localhost' (using password: NO) D:\phpStudy\WWW\MY_CMF\ThinkPHP\Library\OT\Database.class.php 第 155 行.
NOTIC: [2] mysql_real_escape_string(): A link to the server could not be established D:\phpStudy\WWW\MY_CMF\ThinkPHP\Library\OT\Database.class.php 第 155 行.
NOTIC: [2] mysql_real_escape_string(): Access denied for user ''@'localhost' (using password: NO) D:\phpStudy\WWW\MY_CMF\ThinkPHP\Library\OT\Database.class.php 第 155 行.
NOTIC: [2] mysql_real_escape_string(): A link to the server could not be established D:\phpStudy\WWW\MY_CMF\ThinkPHP\Library\OT\Database.class.php 第 155 行.
NOTIC: [2] mysql_real_escape_string(): Access denied for user ''@'localhost' (using password: NO) D:\phpStudy\WWW\MY_CMF\ThinkPHP\Library\OT\Database.class.php 第 155 行.
NOTIC: [2] mysql_real_escape_string(): A link to the server could not be established D:\phpStudy\WWW\MY_CMF\ThinkPHP\Library\OT\Database.class.php 第 155 行.
NOTIC: [2] mysql_real_escape_string(): Access denied for user ''@'localhost' (using password: NO) D:\phpStudy\WWW\MY_CMF\ThinkPHP\Library\OT\Database.class.php 第 155 行.
NOTIC: [2] mysql_real_escape_string(): A link to the server could not be established D:\phpStudy\WWW\MY_CMF\ThinkPHP\Library\OT\Database.class.php 第 155 行.
NOTIC: [2] mysql_real_escape_string(): Access denied for user ''@'localhost' (using password: NO) D:\phpStudy\WWW\MY_CMF\ThinkPHP\Library\OT\Database.class.php 第 155 行.
NOTIC: [2] mysql_real_escape_string(): A link to the server could not be established D:\phpStudy\WWW\MY_CMF\ThinkPHP\Library\OT\Database.class.php 第 155 行.
NOTIC: [2] mysql_real_escape_string(): Access denied for user ''@'localhost' (using password: NO) D:\phpStudy\WWW\MY_CMF\ThinkPHP\Library\OT\Database.class.php 第 155 行.
NOTIC: [2] mysql_real_escape_string(): A link to the server could not be established D:\phpStudy\WWW\MY_CMF\ThinkPHP\Library\OT\Database.class.php 第 155 行.
NOTIC: [2] mysql_real_escape_string(): Access denied for user ''@'localhost' (using password: NO) D:\phpStudy\WWW\MY_CMF\ThinkPHP\Library\OT\Database.class.php 第 155 行.
NOTIC: [2] mysql_real_escape_string(): A link to the server could not be established D:\phpStudy\WWW\MY_CMF\ThinkPHP\Library\OT\Database.class.php 第 155 行.
NOTIC: [2] mysql_real_escape_string(): Access denied for user ''@'localhost' (using password: NO) D:\phpStudy\WWW\MY_CMF\ThinkPHP\Library\OT\Database.class.php 第 155 行.
NOTIC: [2] mysql_real_escape_string(): A link to the server could not be established D:\phpStudy\WWW\MY_CMF\ThinkPHP\Library\OT\Database.class.php 第 155 行.
NOTIC: [2] mysql_real_escape_string(): Access denied for user ''@'localhost' (using password: NO) D:\phpStudy\WWW\MY_CMF\ThinkPHP\Library\OT\Database.class.php 第 155 行.
NOTIC: [2] mysql_real_escape_string(): A link to the server could not be established D:\phpStudy\WWW\MY_CMF\ThinkPHP\Library\OT\Database.class.php 第 155 行.
NOTIC: [2] mysql_real_escape_string(): Access denied for user ''@'localhost' (using password: NO) D:\phpStudy\WWW\MY_CMF\ThinkPHP\Library\OT\Database.class.php 第 155 行.
NOTIC: [2] mysql_real_escape_string(): A link to the server could not be established D:\phpStudy\WWW\MY_CMF\ThinkPHP\Library\OT\Database.class.php 第 155 行.
NOTIC: [2] mysql_real_escape_string(): Access denied for user ''@'localhost' (using password: NO) D:\phpStudy\WWW\MY_CMF\ThinkPHP\Library\OT\Database.class.php 第 155 行.
NOTIC: [2] mysql_real_escape_string(): A link to the server could not be established D:\phpStudy\WWW\MY_CMF\ThinkPHP\Library\OT\Database.class.php 第 155 行.
NOTIC: [2] mysql_real_escape_string(): Access denied for user ''@'localhost' (using password: NO) D:\phpStudy\WWW\MY_CMF\ThinkPHP\Library\OT\Database.class.php 第 155 行.
NOTIC: [2] mysql_real_escape_string(): A link to the server could not be established D:\phpStudy\WWW\MY_CMF\ThinkPHP\Library\OT\Database.class.php 第 155 行.
NOTIC: [2] mysql_real_escape_string(): Access denied for user ''@'localhost' (using password: NO) D:\phpStudy\WWW\MY_CMF\ThinkPHP\Library\OT\Database.class.php 第 155 行.
NOTIC: [2] mysql_real_escape_string(): A link to the server could not be established D:\phpStudy\WWW\MY_CMF\ThinkPHP\Library\OT\Database.class.php 第 155 行.

